#
# There is insufficient memory for the Java Runtime Environment to continue.
# Native memory allocation (mmap) failed to map 257949696 bytes. Error detail: G1 virtual space
# Possible reasons:
#   The system is out of physical RAM or swap space
#   This process is running with CompressedOops enabled, and the Java Heap may be blocking the growth of the native heap
# Possible solutions:
#   Reduce memory load on the system
#   Increase physical memory or swap space
#   Check if swap backing store is full
#   Decrease Java heap size (-Xmx/-Xms)
#   Decrease number of Java threads
#   Decrease Java thread stack sizes (-Xss)
#   Set larger code cache with -XX:ReservedCodeCacheSize=
#   JVM is running with Zero Based Compressed Oops mode in which the Java heap is
#     placed in the first 32GB address space. The Java Heap base address is the
#     maximum limit for the native heap growth. Please use -XX:HeapBaseMinAddress
#     to set the Java Heap base and to place the Java Heap above 32GB virtual address.
# This output file may be truncated or incomplete.
#
#  Out of Memory Error (os_windows.cpp:3703), pid=26628, tid=19828
#
# JRE version:  (23.0+37) (build )
# Java VM: OpenJDK 64-Bit Server VM (23+37-2369, mixed mode, sharing, tiered, compressed oops, compressed class ptrs, g1 gc, windows-amd64)
# No core dump will be written. Minidumps are not enabled by default on client versions of Windows
#

---------------  S U M M A R Y ------------

Command Line: -javaagent:C:\Program Files\JetBrains\IntelliJ IDEA 2024.2.1\lib\idea_rt.jar=63864:C:\Program Files\JetBrains\IntelliJ IDEA 2024.2.1\bin -Dfile.encoding=UTF-8 -Dsun.stdout.encoding=UTF-8 -Dsun.stderr.encoding=UTF-8 Main

Host: Intel(R) Core(TM) Ultra 7 155H, 22 cores, 15G,  Windows 11 , 64 bit Build 22621 (10.0.22621.3958)
Time: Thu Oct 31 13:25:46 2024 Eastern Daylight Time elapsed time: 0.014464 seconds (0d 0h 0m 0s)

---------------  T H R E A D  ---------------

Current thread (0x000002d4c467df60):  JavaThread "Unknown thread" [_thread_in_vm, id=19828, stack(0x000000ec75f00000,0x000000ec76000000) (1024K)]

Stack: [0x000000ec75f00000,0x000000ec76000000]
Native frames: (J=compiled Java code, j=interpreted, Vv=VM code, C=native code)
V  [jvm.dll+0x6e08a9]  (no source info available)
V  [jvm.dll+0x87da63]  (no source info available)
V  [jvm.dll+0x87feee]  (no source info available)
V  [jvm.dll+0x8805c3]  (no source info available)
V  [jvm.dll+0x27aee6]  (no source info available)
V  [jvm.dll+0x6dd1b5]  (no source info available)
V  [jvm.dll+0x6d103a]  (no source info available)
V  [jvm.dll+0x35b3ea]  (no source info available)
V  [jvm.dll+0x3637f6]  (no source info available)
V  [jvm.dll+0x34fd5e]  (no source info available)
V  [jvm.dll+0x34fff8]  (no source info available)
V  [jvm.dll+0x3289cc]  (no source info available)
V  [jvm.dll+0x32966e]  (no source info available)
V  [jvm.dll+0x8442e5]  (no source info available)
V  [jvm.dll+0x3b9848]  (no source info available)
V  [jvm.dll+0x82d0dc]  (no source info available)
V  [jvm.dll+0x454d4e]  (no source info available)
V  [jvm.dll+0x456bd1]  (no source info available)
C  [jli.dll+0x52a3]  (no source info available)
C  [ucrtbase.dll+0x29333]  (no source info available)
C  [KERNEL32.DLL+0x1257d]  (no source info available)
C  [ntdll.dll+0x5af08]  (no source info available)

Lock stack of current Java thread (top to bottom):


---------------  P R O C E S S  ---------------

Threads class SMR info:
_java_thread_list=0x00007ffbb2893618, length=0, elements={
}

Java Threads: ( => current thread )
Total: 0

Other Threads:
  0x000002d4c22edd20 WorkerThread "GC Thread#0"                     [id=27836, stack(0x000000ec76000000,0x000000ec76100000) (1024K)]
  0x000002d4c4710d80 ConcurrentGCThread "G1 Main Marker"            [id=24600, stack(0x000000ec76100000,0x000000ec76200000) (1024K)]
  0x000002d4c47117a0 WorkerThread "G1 Conc#0"                       [id=22064, stack(0x000000ec76200000,0x000000ec76300000) (1024K)]

[error occurred during error reporting (printing all threads), id 0xc0000005, EXCEPTION_ACCESS_VIOLATION (0xc0000005) at pc=0x00007ffbb1fdbfba]
VM state: not at safepoint (not fully initialized)

VM Mutex/Monitor currently owned by a thread:  ([mutex/lock_event])
[0x00007ffbb2913a10] Heap_lock - owner thread: 0x000002d4c467df60

Heap address: 0x000000070a000000, size: 3936 MB, Compressed Oops mode: Zero based, Oop shift amount: 3

CDS archive(s) mapped at: [0x0000000000000000-0x0000000000000000-0x0000000000000000), size 0, SharedBaseAddress: 0x0000000800000000, ArchiveRelocationMode: 1.
Narrow klass base: 0x0000000000000000, Narrow klass shift: 0, Narrow klass range: 0x0

GC Precious Log:
 CardTable entry size: 512
 Card Set container configuration: InlinePtr #cards 4 size 8 Array Of Cards #cards 16 size 48 Howl #buckets 8 coarsen threshold 3686 Howl Bitmap #cards 512 size 80 coarsen threshold 460 Card regions per heap region 1 cards per card region 4096

Heap:
 garbage-first heap   total reserved 4030464K, committed 0K, used 0K [0x000000070a000000, 0x0000000800000000)
  region size 2048K, 0 young (0K), 0 survivors (0K)

[error occurred during error reporting (printing heap information), id 0xc0000005, EXCEPTION_ACCESS_VIOLATION (0xc0000005) at pc=0x00007ffbb23dc3b9]
GC Heap History (0 events):
No events

Dll operation events (1 events):
Event: 0.010 Loaded shared library C:\Users\chris\.jdks\openjdk-23\bin\java.dll

Deoptimization events (0 events):
No events

Classes loaded (0 events):
No events

Classes unloaded (0 events):
No events

Classes redefined (0 events):
No events

Internal exceptions (0 events):
No events

VM Operations (0 events):
No events

Memory protections (0 events):
No events

Nmethod flushes (0 events):
No events

Events (0 events):
No events


Dynamic libraries:
0x00007ff6c6590000 - 0x00007ff6c659e000 	C:\Users\chris\.jdks\openjdk-23\bin\java.exe
0x00007ffc40810000 - 0x00007ffc40a27000 	C:\Windows\SYSTEM32\ntdll.dll
0x00007ffc3f500000 - 0x00007ffc3f5c4000 	C:\Windows\System32\KERNEL32.DLL
0x00007ffc3de50000 - 0x00007ffc3e207000 	C:\Windows\System32\KERNELBASE.dll
0x00007ffc3e210000 - 0x00007ffc3e321000 	C:\Windows\System32\ucrtbase.dll
0x00007ffc2c5c0000 - 0x00007ffc2c5db000 	C:\Users\chris\.jdks\openjdk-23\bin\VCRUNTIME140.dll
0x00007ffc30120000 - 0x00007ffc30137000 	C:\Users\chris\.jdks\openjdk-23\bin\jli.dll
0x00007ffc3feb0000 - 0x00007ffc4005f000 	C:\Windows\System32\USER32.dll
0x00007ffc3de20000 - 0x00007ffc3de46000 	C:\Windows\System32\win32u.dll
0x00007ffc342b0000 - 0x00007ffc34543000 	C:\Windows\WinSxS\amd64_microsoft.windows.common-controls_6595b64144ccf1df_6.0.22621.3672_none_2713b9d173822955\COMCTL32.dll
0x00007ffc3fbf0000 - 0x00007ffc3fc19000 	C:\Windows\System32\GDI32.dll
0x00007ffc3e330000 - 0x00007ffc3e448000 	C:\Windows\System32\gdi32full.dll
0x00007ffc3dc10000 - 0x00007ffc3dcaa000 	C:\Windows\System32\msvcp_win.dll
0x00007ffc3ebe0000 - 0x00007ffc3ec87000 	C:\Windows\System32\msvcrt.dll
0x00007ffc40770000 - 0x00007ffc407a1000 	C:\Windows\System32\IMM32.DLL
0x00007ffc37190000 - 0x00007ffc3719c000 	C:\Users\chris\.jdks\openjdk-23\bin\vcruntime140_1.dll
0x00007ffc27f20000 - 0x00007ffc27fae000 	C:\Users\chris\.jdks\openjdk-23\bin\msvcp140.dll
0x00007ffbb1ca0000 - 0x00007ffbb29ef000 	C:\Users\chris\.jdks\openjdk-23\bin\server\jvm.dll
0x00007ffc40690000 - 0x00007ffc40742000 	C:\Windows\System32\ADVAPI32.dll
0x00007ffc3fc30000 - 0x00007ffc3fcd8000 	C:\Windows\System32\sechost.dll
0x00007ffc3db20000 - 0x00007ffc3db48000 	C:\Windows\System32\bcrypt.dll
0x00007ffc3fd90000 - 0x00007ffc3fea4000 	C:\Windows\System32\RPCRT4.dll
0x00007ffc3e540000 - 0x00007ffc3e5b1000 	C:\Windows\System32\WS2_32.dll
0x00007ffc395f0000 - 0x00007ffc39624000 	C:\Windows\SYSTEM32\WINMM.dll
0x00007ffc3c9a0000 - 0x00007ffc3c9ed000 	C:\Windows\SYSTEM32\POWRPROF.dll
0x00007ffc33c50000 - 0x00007ffc33c5a000 	C:\Windows\SYSTEM32\VERSION.dll
0x00007ffc3c980000 - 0x00007ffc3c993000 	C:\Windows\SYSTEM32\UMPDC.dll
0x00007ffc3cc30000 - 0x00007ffc3cc48000 	C:\Windows\SYSTEM32\kernel.appcore.dll
0x00007ffc33c60000 - 0x00007ffc33c6a000 	C:\Users\chris\.jdks\openjdk-23\bin\jimage.dll
0x00007ffc30a80000 - 0x00007ffc30cb2000 	C:\Windows\SYSTEM32\DBGHELP.DLL
0x00007ffc3e6a0000 - 0x00007ffc3ea2e000 	C:\Windows\System32\combase.dll
0x00007ffc3e5c0000 - 0x00007ffc3e697000 	C:\Windows\System32\OLEAUT32.dll
0x00007ffc30a40000 - 0x00007ffc30a72000 	C:\Windows\SYSTEM32\dbgcore.DLL
0x00007ffc3e450000 - 0x00007ffc3e4cb000 	C:\Windows\System32\bcryptPrimitives.dll
0x00007ffc30cc0000 - 0x00007ffc30ccf000 	C:\Users\chris\.jdks\openjdk-23\bin\instrument.dll
0x00007ffc2c560000 - 0x00007ffc2c57e000 	C:\Users\chris\.jdks\openjdk-23\bin\java.dll
0x00007ffc3ea30000 - 0x00007ffc3ebd5000 	C:\Windows\System32\ole32.dll
0x00007ffc3ec90000 - 0x00007ffc3f4f9000 	C:\Windows\System32\SHELL32.dll

dbghelp: loaded successfully - version: 4.0.5 - missing functions: none
symbol engine: initialized successfully - sym options: 0x614 - pdb path: .;C:\Users\chris\.jdks\openjdk-23\bin;C:\Windows\SYSTEM32;C:\Windows\WinSxS\amd64_microsoft.windows.common-controls_6595b64144ccf1df_6.0.22621.3672_none_2713b9d173822955;C:\Users\chris\.jdks\openjdk-23\bin\server

VM Arguments:
jvm_args: -javaagent:C:\Program Files\JetBrains\IntelliJ IDEA 2024.2.1\lib\idea_rt.jar=63864:C:\Program Files\JetBrains\IntelliJ IDEA 2024.2.1\bin -Dfile.encoding=UTF-8 -Dsun.stdout.encoding=UTF-8 -Dsun.stderr.encoding=UTF-8 
java_command: Main
java_class_path (initial): C:\Users\chris\IdeaProjects\Lab_09_ArrayStuff\out\production\Lab_09_ArrayStuff
Launcher Type: SUN_STANDARD

[Global flags]
     intx CICompilerCount                          = 12                                        {product} {ergonomic}
     uint ConcGCThreads                            = 4                                         {product} {ergonomic}
     uint G1ConcRefinementThreads                  = 16                                        {product} {ergonomic}
   size_t G1HeapRegionSize                         = 2097152                                   {product} {ergonomic}
   size_t InitialHeapSize                          = 257949696                                 {product} {ergonomic}
   size_t MarkStackSize                            = 4194304                                   {product} {ergonomic}
   size_t MarkStackSizeMax                         = 536870912                                 {product} {ergonomic}
   size_t MaxHeapSize                              = 4127195136                                {product} {ergonomic}
   size_t MinHeapDeltaBytes                        = 2097152                                   {product} {ergonomic}
   size_t MinHeapSize                              = 8388608                                   {product} {ergonomic}
    uintx NonNMethodCodeHeapSize                   = 7602176                                {pd product} {ergonomic}
    uintx NonProfiledCodeHeapSize                  = 122093568                              {pd product} {ergonomic}
    uintx ProfiledCodeHeapSize                     = 121962496                              {pd product} {ergonomic}
    uintx ReservedCodeCacheSize                    = 251658240                              {pd product} {ergonomic}
     bool SegmentedCodeCache                       = true                                      {product} {ergonomic}
   size_t SoftMaxHeapSize                          = 4127195136                             {manageable} {ergonomic}
     bool UseCompressedOops                        = true                           {product lp64_product} {ergonomic}
     bool UseG1GC                                  = true                                      {product} {ergonomic}
     bool UseLargePagesIndividualAllocation        = false                                  {pd product} {ergonomic}

Logging:
Log output configuration:
 #0: stdout all=warning uptime,level,tags foldmultilines=false
 #1: stderr all=off uptime,level,tags foldmultilines=false

Environment Variables:
PATH=C:\Windows\system32;C:\Windows;C:\Windows\System32\Wbem;C:\Windows\System32\WindowsPowerShell\v1.0\;C:\Windows\System32\OpenSSH\;C:\Program Files\Git\cmd;C:\Program Files\dotnet\;C:\Users\chris\AppData\Local\Microsoft\WindowsApps;C:\Users\chris\AppData\Local\Programs\Microsoft VS Code\bin
USERNAME=chris
OS=Windows_NT
PROCESSOR_IDENTIFIER=Intel64 Family 6 Model 170 Stepping 4, GenuineIntel
TMP=C:\Users\chris\AppData\Local\Temp
TEMP=C:\Users\chris\AppData\Local\Temp




Periodic native trim disabled

---------------  S Y S T E M  ---------------

OS:
 Windows 11 , 64 bit Build 22621 (10.0.22621.3958)
OS uptime: 1 days 17:15 hours
Hyper-V role detected

CPU: total 22 (initial active 22) (11 cores per cpu, 2 threads per core) family 6 model 170 stepping 4 microcode 0x1c, cx8, cmov, fxsr, ht, mmx, 3dnowpref, sse, sse2, sse3, ssse3, sse4.1, sse4.2, popcnt, lzcnt, tsc, tscinvbit, avx, avx2, aes, erms, clmul, bmi1, bmi2, adx, sha, fma, vzeroupper, clflush, clflushopt, clwb, hv, serialize, rdtscp, rdpid, fsrm, gfni, f16c, cet_ibt, cet_ss
Processor Information for processor 0
  Max Mhz: 1400, Current Mhz: 1400, Mhz Limit: 1400
Processor Information for processor 1
  Max Mhz: 1400, Current Mhz: 1400, Mhz Limit: 1400
Processor Information for processor 2
  Max Mhz: 3800, Current Mhz: 900, Mhz Limit: 874
Processor Information for processor 3
  Max Mhz: 3800, Current Mhz: 900, Mhz Limit: 874
Processor Information for processor 4
  Max Mhz: 3800, Current Mhz: 900, Mhz Limit: 874
Processor Information for processor 5
  Max Mhz: 3800, Current Mhz: 900, Mhz Limit: 874
Processor Information for processor 6
  Max Mhz: 3800, Current Mhz: 900, Mhz Limit: 874
Processor Information for processor 7
  Max Mhz: 3800, Current Mhz: 900, Mhz Limit: 874
Processor Information for processor 8
  Max Mhz: 3800, Current Mhz: 900, Mhz Limit: 874
Processor Information for processor 9
  Max Mhz: 3800, Current Mhz: 900, Mhz Limit: 874
Processor Information for processor 10
  Max Mhz: 1400, Current Mhz: 1400, Mhz Limit: 1400
Processor Information for processor 11
  Max Mhz: 1400, Current Mhz: 1400, Mhz Limit: 1400
Processor Information for processor 12
  Max Mhz: 1400, Current Mhz: 1400, Mhz Limit: 1400
Processor Information for processor 13
  Max Mhz: 1400, Current Mhz: 1400, Mhz Limit: 1400
Processor Information for processor 14
  Max Mhz: 1400, Current Mhz: 1400, Mhz Limit: 1400
Processor Information for processor 15
  Max Mhz: 1400, Current Mhz: 1400, Mhz Limit: 1400
Processor Information for processor 16
  Max Mhz: 1400, Current Mhz: 1400, Mhz Limit: 1400
Processor Information for processor 17
  Max Mhz: 1400, Current Mhz: 1400, Mhz Limit: 1400
Processor Information for processor 18
  Max Mhz: 1400, Current Mhz: 1400, Mhz Limit: 1400
Processor Information for processor 19
  Max Mhz: 1400, Current Mhz: 1400, Mhz Limit: 1400
Processor Information for processor 20
  Max Mhz: 2500, Current Mhz: 700, Mhz Limit: 700
Processor Information for processor 21
  Max Mhz: 2500, Current Mhz: 700, Mhz Limit: 700

Memory: 4k page, system-wide physical 15741M (2616M free)
TotalPageFile size 64893M (AvailPageFile size 145M)
current process WorkingSet (physical memory assigned to process): 12M, peak: 12M
current process commit charge ("private bytes"): 77M, peak: 323M

vm_info: OpenJDK 64-Bit Server VM (23+37-2369) for windows-amd64 JRE (23+37-2369), built on 2024-08-20T16:01:23Z with MS VC++ 17.6 (VS2022)

END.
